{"total": {"lines":{"total":1721,"covered":1534,"skipped":0,"pct":89.13},"statements":{"total":1721,"covered":1534,"skipped":0,"pct":89.13},"functions":{"total":72,"covered":68,"skipped":0,"pct":94.44},"branches":{"total":470,"covered":409,"skipped":0,"pct":87.02},"branchesTrue":{"total":0,"covered":0,"skipped":0,"pct":100}}
,"/Users/zzc/tools-dev/pindou/src/core/adjustments.ts": {"lines":{"total":35,"covered":35,"skipped":0,"pct":100},"functions":{"total":4,"covered":4,"skipped":0,"pct":100},"statements":{"total":35,"covered":35,"skipped":0,"pct":100},"branches":{"total":23,"covered":21,"skipped":0,"pct":91.3}}
,"/Users/zzc/tools-dev/pindou/src/core/background-removal.ts": {"lines":{"total":73,"covered":70,"skipped":0,"pct":95.89},"functions":{"total":2,"covered":2,"skipped":0,"pct":100},"statements":{"total":73,"covered":70,"skipped":0,"pct":95.89},"branches":{"total":30,"covered":27,"skipped":0,"pct":90}}
,"/Users/zzc/tools-dev/pindou/src/core/bead-renderer-3d.ts": {"lines":{"total":180,"covered":160,"skipped":0,"pct":88.88},"functions":{"total":1,"covered":1,"skipped":0,"pct":100},"statements":{"total":180,"covered":160,"skipped":0,"pct":88.88},"branches":{"total":37,"covered":32,"skipped":0,"pct":86.48}}
,"/Users/zzc/tools-dev/pindou/src/core/bead-renderer.ts": {"lines":{"total":124,"covered":114,"skipped":0,"pct":91.93},"functions":{"total":1,"covered":1,"skipped":0,"pct":100},"statements":{"total":124,"covered":114,"skipped":0,"pct":91.93},"branches":{"total":23,"covered":18,"skipped":0,"pct":78.26}}
,"/Users/zzc/tools-dev/pindou/src/core/color-quantize.ts": {"lines":{"total":20,"covered":20,"skipped":0,"pct":100},"functions":{"total":1,"covered":1,"skipped":0,"pct":100},"statements":{"total":20,"covered":20,"skipped":0,"pct":100},"branches":{"total":4,"covered":4,"skipped":0,"pct":100}}
,"/Users/zzc/tools-dev/pindou/src/core/cost-estimator.ts": {"lines":{"total":39,"covered":39,"skipped":0,"pct":100},"functions":{"total":4,"covered":4,"skipped":0,"pct":100},"statements":{"total":39,"covered":39,"skipped":0,"pct":100},"branches":{"total":13,"covered":11,"skipped":0,"pct":84.61}}
,"/Users/zzc/tools-dev/pindou/src/core/custom-palette.ts": {"lines":{"total":117,"covered":111,"skipped":0,"pct":94.87},"functions":{"total":5,"covered":5,"skipped":0,"pct":100},"statements":{"total":117,"covered":111,"skipped":0,"pct":94.87},"branches":{"total":49,"covered":44,"skipped":0,"pct":89.79}}
,"/Users/zzc/tools-dev/pindou/src/core/dither.ts": {"lines":{"total":73,"covered":73,"skipped":0,"pct":100},"functions":{"total":2,"covered":2,"skipped":0,"pct":100},"statements":{"total":73,"covered":73,"skipped":0,"pct":100},"branches":{"total":13,"covered":13,"skipped":0,"pct":100}}
,"/Users/zzc/tools-dev/pindou/src/core/downsample.ts": {"lines":{"total":84,"covered":82,"skipped":0,"pct":97.61},"functions":{"total":3,"covered":3,"skipped":0,"pct":100},"statements":{"total":84,"covered":82,"skipped":0,"pct":97.61},"branches":{"total":19,"covered":18,"skipped":0,"pct":94.73}}
,"/Users/zzc/tools-dev/pindou/src/core/grid-builder.ts": {"lines":{"total":27,"covered":27,"skipped":0,"pct":100},"functions":{"total":1,"covered":1,"skipped":0,"pct":100},"statements":{"total":27,"covered":27,"skipped":0,"pct":100},"branches":{"total":8,"covered":8,"skipped":0,"pct":100}}
,"/Users/zzc/tools-dev/pindou/src/core/image-enhance.ts": {"lines":{"total":352,"covered":253,"skipped":0,"pct":71.87},"functions":{"total":11,"covered":10,"skipped":0,"pct":90.9},"statements":{"total":352,"covered":253,"skipped":0,"pct":71.87},"branches":{"total":80,"covered":55,"skipped":0,"pct":68.75}}
,"/Users/zzc/tools-dev/pindou/src/core/image-to-beads.ts": {"lines":{"total":10,"covered":8,"skipped":0,"pct":80},"functions":{"total":1,"covered":1,"skipped":0,"pct":100},"statements":{"total":10,"covered":8,"skipped":0,"pct":80},"branches":{"total":3,"covered":1,"skipped":0,"pct":33.33}}
,"/Users/zzc/tools-dev/pindou/src/core/page-tile.ts": {"lines":{"total":168,"covered":159,"skipped":0,"pct":94.64},"functions":{"total":2,"covered":2,"skipped":0,"pct":100},"statements":{"total":168,"covered":159,"skipped":0,"pct":94.64},"branches":{"total":28,"covered":26,"skipped":0,"pct":92.85}}
,"/Users/zzc/tools-dev/pindou/src/core/quality.ts": {"lines":{"total":99,"covered":76,"skipped":0,"pct":76.76},"functions":{"total":10,"covered":8,"skipped":0,"pct":80},"statements":{"total":99,"covered":76,"skipped":0,"pct":76.76},"branches":{"total":30,"covered":27,"skipped":0,"pct":90}}
,"/Users/zzc/tools-dev/pindou/src/core/share.ts": {"lines":{"total":43,"covered":39,"skipped":0,"pct":90.69},"functions":{"total":5,"covered":5,"skipped":0,"pct":100},"statements":{"total":43,"covered":39,"skipped":0,"pct":90.69},"branches":{"total":23,"covered":19,"skipped":0,"pct":82.6}}
,"/Users/zzc/tools-dev/pindou/src/core/template-trim.ts": {"lines":{"total":66,"covered":66,"skipped":0,"pct":100},"functions":{"total":2,"covered":2,"skipped":0,"pct":100},"statements":{"total":66,"covered":66,"skipped":0,"pct":100},"branches":{"total":22,"covered":22,"skipped":0,"pct":100}}
,"/Users/zzc/tools-dev/pindou/src/core/color/delta-e.ts": {"lines":{"total":70,"covered":70,"skipped":0,"pct":100},"functions":{"total":4,"covered":4,"skipped":0,"pct":100},"statements":{"total":70,"covered":70,"skipped":0,"pct":100},"branches":{"total":22,"covered":22,"skipped":0,"pct":100}}
,"/Users/zzc/tools-dev/pindou/src/core/color/kd-tree.ts": {"lines":{"total":48,"covered":48,"skipped":0,"pct":100},"functions":{"total":3,"covered":3,"skipped":0,"pct":100},"statements":{"total":48,"covered":48,"skipped":0,"pct":100},"branches":{"total":22,"covered":21,"skipped":0,"pct":95.45}}
,"/Users/zzc/tools-dev/pindou/src/core/color/nearest-color.ts": {"lines":{"total":49,"covered":40,"skipped":0,"pct":81.63},"functions":{"total":5,"covered":4,"skipped":0,"pct":80},"statements":{"total":49,"covered":40,"skipped":0,"pct":81.63},"branches":{"total":11,"covered":10,"skipped":0,"pct":90.9}}
,"/Users/zzc/tools-dev/pindou/src/core/color/rgb-to-lab.ts": {"lines":{"total":44,"covered":44,"skipped":0,"pct":100},"functions":{"total":5,"covered":5,"skipped":0,"pct":100},"statements":{"total":44,"covered":44,"skipped":0,"pct":100},"branches":{"total":10,"covered":10,"skipped":0,"pct":100}}
}
